2023-11-05 23:11:08.650 [main] INFO  cn.wyz.app.Application - Starting Application using Java 17.0.5 with PID 32992 (/Users/zhouzhitong/workroom/ju--Java/app/target/classes started by zhouzhitong in /Users/zhouzhitong/workroom/ju--Java)
2023-11-05 23:11:08.651 [main] DEBUG cn.wyz.app.Application - Running with Spring Boot v3.0.1, Spring v6.0.3
2023-11-05 23:11:08.651 [main] INFO  cn.wyz.app.Application - No active profile set, falling back to 1 default profile: "default"
2023-11-05 23:11:09.042 [main] INFO  o.s.d.r.c.RepositoryConfigurationDelegate - Multiple Spring Data modules found, entering strict repository configuration mode
2023-11-05 23:11:09.042 [main] INFO  o.s.d.r.c.RepositoryConfigurationDelegate - Bootstrapping Spring Data JDBC repositories in DEFAULT mode.
2023-11-05 23:11:09.052 [main] INFO  o.s.d.r.c.RepositoryConfigurationDelegate - Finished Spring Data repository scanning in 8 ms. Found 0 JDBC repository interfaces.
2023-11-05 23:11:09.061 [main] INFO  o.s.d.r.c.RepositoryConfigurationDelegate - Multiple Spring Data modules found, entering strict repository configuration mode
2023-11-05 23:11:09.062 [main] INFO  o.s.d.r.c.RepositoryConfigurationDelegate - Bootstrapping Spring Data Redis repositories in DEFAULT mode.
2023-11-05 23:11:09.066 [main] INFO  o.s.d.r.c.RepositoryConfigurationDelegate - Finished Spring Data repository scanning in 1 ms. Found 0 Redis repository interfaces.
2023-11-05 23:11:09.162 [main] INFO  cn.wyz.mapper.config.MapperConfig - MybatisPlusConfig init enum type handler: cn.wyz.mapper.handler.DefaultEnumTypeHandler
2023-11-05 23:11:09.174 [main] INFO  o.s.cloud.context.scope.GenericScope - BeanFactory id=4455cbd5-962a-3a69-b430-854155ec602c
2023-11-05 23:11:09.363 [main] INFO  o.s.b.w.e.tomcat.TomcatWebServer - Tomcat initialized with port(s): 8075 (http)
2023-11-05 23:11:09.408 [main] INFO  o.s.b.w.s.c.ServletWebServerApplicationContext - Root WebApplicationContext: initialization completed in 732 ms
2023-11-05 23:11:22.192 [main] WARN  o.s.b.a.f.FreeMarkerAutoConfiguration - Cannot find template location(s): [classpath:/templates/] (please add some templates, check your FreeMarker configuration, or set spring.freemarker.check-template-location=false)
2023-11-05 23:11:22.898 [main] WARN  o.s.c.l.c.LoadBalancerCacheAutoConfiguration$LoadBalancerCaffeineWarnLogger - Spring Cloud LoadBalancer is currently working with the default cache. While this cache implementation is useful for development and tests, it's recommended to use Caffeine cache in production.You can switch to using Caffeine cache, by adding it and org.springframework.cache.caffeine.CaffeineCacheManager to the classpath.
2023-11-05 23:11:24.496 [main] INFO  o.s.b.w.e.tomcat.TomcatWebServer - Tomcat started on port(s): 8075 (http) with context path ''
2023-11-05 23:11:24.696 [main] INFO  cn.wyz.app.Application - Started Application in 16.292 seconds (process running for 16.543)
2023-11-05 23:11:53.794 [http-nio-8075-exec-1] INFO  o.s.web.servlet.DispatcherServlet - Initializing Servlet 'dispatcherServlet'
2023-11-05 23:11:53.826 [http-nio-8075-exec-1] INFO  o.s.web.servlet.DispatcherServlet - Completed initialization in 31 ms
2023-11-05 23:11:54.999 [http-nio-8075-exec-1] INFO  c.w.m.service.impl.MapperServiceImpl - add request: JuInfoDTO(userId=1, title=String, type=1, participant=[], status=NEW, scale=2, girlParticipantNum=0, boyParticipantNum=0, begin=2023-11-10T00:00, finish=2023-11-10T01:00, description=String, config={})
